<?xml version="1.0" ?>
<coverage version="6.3.1" timestamp="1643930943035" lines-valid="656" lines-covered="164" line-rate="0.25" branches-covered="0" branches-valid="0" branch-rate="0" complexity="0">
	<!-- Generated by coverage.py: https://coverage.readthedocs.io -->
	<!-- Based on https://raw.githubusercontent.com/cobertura/web/master/htdocs/xml/coverage-04.dtd -->
	<sources>
		<source>/home/chenxinye/Desktop/work/classix</source>
	</sources>
	<packages>
		<package name="." line-rate="0.6579" branch-rate="0" complexity="0">
			<classes>
				<class name="clx_unittest.py" filename="clx_unittest.py" complexity="0" line-rate="0.6579" branch-rate="0">
					<methods/>
					<lines>
						<line number="25" hits="1"/>
						<line number="26" hits="1"/>
						<line number="27" hits="1"/>
						<line number="28" hits="1"/>
						<line number="29" hits="1"/>
						<line number="31" hits="1"/>
						<line number="32" hits="1"/>
						<line number="33" hits="1"/>
						<line number="35" hits="1"/>
						<line number="36" hits="1"/>
						<line number="37" hits="1"/>
						<line number="43" hits="1"/>
						<line number="44" hits="1"/>
						<line number="45" hits="1"/>
						<line number="47" hits="1"/>
						<line number="48" hits="1"/>
						<line number="50" hits="1"/>
						<line number="51" hits="1"/>
						<line number="52" hits="1"/>
						<line number="58" hits="1"/>
						<line number="59" hits="1"/>
						<line number="60" hits="1"/>
						<line number="62" hits="1"/>
						<line number="63" hits="0"/>
						<line number="64" hits="0"/>
						<line number="66" hits="0"/>
						<line number="67" hits="0"/>
						<line number="68" hits="0"/>
						<line number="70" hits="0"/>
						<line number="71" hits="0"/>
						<line number="72" hits="0"/>
						<line number="73" hits="0"/>
						<line number="75" hits="0"/>
						<line number="76" hits="0"/>
						<line number="77" hits="0"/>
						<line number="78" hits="0"/>
						<line number="81" hits="1"/>
						<line number="82" hits="1"/>
					</lines>
				</class>
			</classes>
		</package>
		<package name="classix" line-rate="0.2249" branch-rate="0" complexity="0">
			<classes>
				<class name="__init__.py" filename="classix/__init__.py" complexity="0" line-rate="0.6923" branch-rate="0">
					<methods/>
					<lines>
						<line number="1" hits="1"/>
						<line number="2" hits="1"/>
						<line number="3" hits="1"/>
						<line number="4" hits="0"/>
						<line number="5" hits="0"/>
						<line number="6" hits="0"/>
						<line number="7" hits="0"/>
						<line number="9" hits="1"/>
						<line number="10" hits="1"/>
						<line number="11" hits="1"/>
						<line number="12" hits="1"/>
						<line number="13" hits="1"/>
						<line number="14" hits="1"/>
					</lines>
				</class>
				<class name="clustering.py" filename="classix/clustering.py" complexity="0" line-rate="0.2149" branch-rate="0">
					<methods/>
					<lines>
						<line number="27" hits="1"/>
						<line number="30" hits="1"/>
						<line number="31" hits="1"/>
						<line number="32" hits="0"/>
						<line number="33" hits="0"/>
						<line number="34" hits="0"/>
						<line number="35" hits="0"/>
						<line number="37" hits="1"/>
						<line number="38" hits="1"/>
						<line number="39" hits="1"/>
						<line number="40" hits="1"/>
						<line number="41" hits="1"/>
						<line number="42" hits="1"/>
						<line number="43" hits="1"/>
						<line number="44" hits="1"/>
						<line number="46" hits="1"/>
						<line number="47" hits="1"/>
						<line number="49" hits="1"/>
						<line number="53" hits="1"/>
						<line number="59" hits="1"/>
						<line number="60" hits="0"/>
						<line number="61" hits="0"/>
						<line number="62" hits="0"/>
						<line number="63" hits="0"/>
						<line number="66" hits="1"/>
						<line number="67" hits="1"/>
						<line number="69" hits="1"/>
						<line number="70" hits="1"/>
						<line number="71" hits="1"/>
						<line number="72" hits="0"/>
						<line number="73" hits="0"/>
						<line number="74" hits="1"/>
						<line number="76" hits="0"/>
						<line number="81" hits="1"/>
						<line number="194" hits="1"/>
						<line number="218" hits="1"/>
						<line number="220" hits="1"/>
						<line number="229" hits="1"/>
						<line number="230" hits="1"/>
						<line number="231" hits="1"/>
						<line number="232" hits="1"/>
						<line number="236" hits="1"/>
						<line number="237" hits="1"/>
						<line number="238" hits="1"/>
						<line number="239" hits="1"/>
						<line number="240" hits="1"/>
						<line number="241" hits="1"/>
						<line number="242" hits="1"/>
						<line number="243" hits="1"/>
						<line number="244" hits="1"/>
						<line number="245" hits="0"/>
						<line number="246" hits="1"/>
						<line number="249" hits="1"/>
						<line number="262" hits="0"/>
						<line number="263" hits="0"/>
						<line number="264" hits="0"/>
						<line number="265" hits="0"/>
						<line number="267" hits="0"/>
						<line number="268" hits="0"/>
						<line number="270" hits="0"/>
						<line number="271" hits="0"/>
						<line number="273" hits="0"/>
						<line number="274" hits="0"/>
						<line number="275" hits="0"/>
						<line number="276" hits="0"/>
						<line number="278" hits="0"/>
						<line number="279" hits="0"/>
						<line number="280" hits="0"/>
						<line number="281" hits="0"/>
						<line number="282" hits="0"/>
						<line number="283" hits="0"/>
						<line number="285" hits="0"/>
						<line number="287" hits="0"/>
						<line number="288" hits="0"/>
						<line number="289" hits="0"/>
						<line number="290" hits="0"/>
						<line number="294" hits="0"/>
						<line number="295" hits="0"/>
						<line number="297" hits="0"/>
						<line number="298" hits="0"/>
						<line number="301" hits="0"/>
						<line number="302" hits="0"/>
						<line number="304" hits="0"/>
						<line number="306" hits="0"/>
						<line number="315" hits="0"/>
						<line number="319" hits="1"/>
						<line number="334" hits="1"/>
						<line number="335" hits="0"/>
						<line number="336" hits="0"/>
						<line number="337" hits="0"/>
						<line number="339" hits="1"/>
						<line number="340" hits="0"/>
						<line number="342" hits="1"/>
						<line number="344" hits="0"/>
						<line number="345" hits="0"/>
						<line number="346" hits="0"/>
						<line number="347" hits="0"/>
						<line number="348" hits="0"/>
						<line number="349" hits="0"/>
						<line number="351" hits="1"/>
						<line number="352" hits="1"/>
						<line number="353" hits="1"/>
						<line number="354" hits="1"/>
						<line number="355" hits="1"/>
						<line number="356" hits="1"/>
						<line number="357" hits="0"/>
						<line number="358" hits="1"/>
						<line number="360" hits="0"/>
						<line number="362" hits="0"/>
						<line number="363" hits="0"/>
						<line number="364" hits="0"/>
						<line number="365" hits="0"/>
						<line number="366" hits="0"/>
						<line number="367" hits="0"/>
						<line number="371" hits="0"/>
						<line number="372" hits="0"/>
						<line number="375" hits="1"/>
						<line number="376" hits="1"/>
						<line number="378" hits="1"/>
						<line number="380" hits="1"/>
						<line number="390" hits="1"/>
						<line number="394" hits="1"/>
						<line number="420" hits="0"/>
						<line number="435" hits="0"/>
						<line number="436" hits="0"/>
						<line number="437" hits="0"/>
						<line number="438" hits="0"/>
						<line number="443" hits="0"/>
						<line number="447" hits="1"/>
						<line number="542" hits="1"/>
						<line number="578" hits="1"/>
						<line number="579" hits="1"/>
						<line number="582" hits="1"/>
						<line number="583" hits="1"/>
						<line number="584" hits="1"/>
						<line number="585" hits="1"/>
						<line number="598" hits="1"/>
						<line number="600" hits="1"/>
						<line number="601" hits="0"/>
						<line number="602" hits="0"/>
						<line number="603" hits="0"/>
						<line number="604" hits="0"/>
						<line number="608" hits="0"/>
						<line number="609" hits="0"/>
						<line number="612" hits="1"/>
						<line number="613" hits="1"/>
						<line number="632" hits="1"/>
						<line number="639" hits="0"/>
						<line number="640" hits="0"/>
						<line number="644" hits="0"/>
						<line number="648" hits="0"/>
						<line number="649" hits="0"/>
						<line number="650" hits="0"/>
						<line number="652" hits="0"/>
						<line number="653" hits="0"/>
						<line number="654" hits="0"/>
						<line number="655" hits="0"/>
						<line number="657" hits="0"/>
						<line number="697" hits="1"/>
						<line number="698" hits="1"/>
						<line number="700" hits="1"/>
						<line number="701" hits="0"/>
						<line number="702" hits="0"/>
						<line number="703" hits="0"/>
						<line number="707" hits="0"/>
						<line number="708" hits="0"/>
						<line number="709" hits="0"/>
						<line number="713" hits="0"/>
						<line number="720" hits="1"/>
						<line number="724" hits="1"/>
						<line number="848" hits="0"/>
						<line number="849" hits="0"/>
						<line number="850" hits="0"/>
						<line number="851" hits="0"/>
						<line number="852" hits="0"/>
						<line number="855" hits="0"/>
						<line number="856" hits="0"/>
						<line number="857" hits="0"/>
						<line number="858" hits="0"/>
						<line number="859" hits="0"/>
						<line number="862" hits="0"/>
						<line number="863" hits="0"/>
						<line number="866" hits="0"/>
						<line number="867" hits="0"/>
						<line number="868" hits="0"/>
						<line number="869" hits="0"/>
						<line number="871" hits="0"/>
						<line number="872" hits="0"/>
						<line number="873" hits="0"/>
						<line number="877" hits="0"/>
						<line number="878" hits="0"/>
						<line number="879" hits="0"/>
						<line number="880" hits="0"/>
						<line number="882" hits="0"/>
						<line number="883" hits="0"/>
						<line number="884" hits="0"/>
						<line number="887" hits="0"/>
						<line number="888" hits="0"/>
						<line number="889" hits="0"/>
						<line number="890" hits="0"/>
						<line number="895" hits="0"/>
						<line number="896" hits="0"/>
						<line number="899" hits="0"/>
						<line number="901" hits="0"/>
						<line number="902" hits="0"/>
						<line number="903" hits="0"/>
						<line number="905" hits="0"/>
						<line number="906" hits="0"/>
						<line number="908" hits="0"/>
						<line number="909" hits="0"/>
						<line number="910" hits="0"/>
						<line number="913" hits="0"/>
						<line number="914" hits="0"/>
						<line number="915" hits="0"/>
						<line number="917" hits="0"/>
						<line number="918" hits="0"/>
						<line number="919" hits="0"/>
						<line number="920" hits="0"/>
						<line number="921" hits="0"/>
						<line number="923" hits="0"/>
						<line number="925" hits="0"/>
						<line number="929" hits="0"/>
						<line number="930" hits="0"/>
						<line number="931" hits="0"/>
						<line number="933" hits="0"/>
						<line number="934" hits="0"/>
						<line number="935" hits="0"/>
						<line number="936" hits="0"/>
						<line number="938" hits="0"/>
						<line number="939" hits="0"/>
						<line number="946" hits="0"/>
						<line number="947" hits="0"/>
						<line number="948" hits="0"/>
						<line number="949" hits="0"/>
						<line number="951" hits="0"/>
						<line number="953" hits="0"/>
						<line number="955" hits="0"/>
						<line number="956" hits="0"/>
						<line number="958" hits="0"/>
						<line number="959" hits="0"/>
						<line number="960" hits="0"/>
						<line number="961" hits="0"/>
						<line number="963" hits="0"/>
						<line number="964" hits="0"/>
						<line number="966" hits="0"/>
						<line number="968" hits="0"/>
						<line number="970" hits="0"/>
						<line number="971" hits="0"/>
						<line number="973" hits="0"/>
						<line number="975" hits="0"/>
						<line number="977" hits="0"/>
						<line number="978" hits="0"/>
						<line number="979" hits="0"/>
						<line number="980" hits="0"/>
						<line number="981" hits="0"/>
						<line number="987" hits="0"/>
						<line number="992" hits="0"/>
						<line number="993" hits="0"/>
						<line number="994" hits="0"/>
						<line number="995" hits="0"/>
						<line number="996" hits="0"/>
						<line number="997" hits="0"/>
						<line number="998" hits="0"/>
						<line number="999" hits="0"/>
						<line number="1000" hits="0"/>
						<line number="1002" hits="0"/>
						<line number="1003" hits="0"/>
						<line number="1004" hits="0"/>
						<line number="1066" hits="0"/>
						<line number="1087" hits="0"/>
						<line number="1088" hits="0"/>
						<line number="1089" hits="0"/>
						<line number="1091" hits="0"/>
						<line number="1092" hits="0"/>
						<line number="1093" hits="0"/>
						<line number="1094" hits="0"/>
						<line number="1096" hits="0"/>
						<line number="1097" hits="0"/>
						<line number="1098" hits="0"/>
						<line number="1099" hits="0"/>
						<line number="1101" hits="0"/>
						<line number="1102" hits="0"/>
						<line number="1104" hits="0"/>
						<line number="1105" hits="0"/>
						<line number="1107" hits="0"/>
						<line number="1109" hits="0"/>
						<line number="1110" hits="0"/>
						<line number="1111" hits="0"/>
						<line number="1112" hits="0"/>
						<line number="1113" hits="0"/>
						<line number="1114" hits="0"/>
						<line number="1115" hits="0"/>
						<line number="1116" hits="0"/>
						<line number="1119" hits="0"/>
						<line number="1120" hits="0"/>
						<line number="1121" hits="0"/>
						<line number="1124" hits="0"/>
						<line number="1126" hits="0"/>
						<line number="1127" hits="0"/>
						<line number="1140" hits="0"/>
						<line number="1141" hits="0"/>
						<line number="1142" hits="0"/>
						<line number="1143" hits="0"/>
						<line number="1145" hits="0"/>
						<line number="1151" hits="0"/>
						<line number="1163" hits="0"/>
						<line number="1164" hits="0"/>
						<line number="1170" hits="0"/>
						<line number="1193" hits="0"/>
						<line number="1194" hits="0"/>
						<line number="1197" hits="0"/>
						<line number="1200" hits="0"/>
						<line number="1202" hits="0"/>
						<line number="1203" hits="0"/>
						<line number="1204" hits="0"/>
						<line number="1205" hits="0"/>
						<line number="1207" hits="0"/>
						<line number="1208" hits="0"/>
						<line number="1209" hits="0"/>
						<line number="1210" hits="0"/>
						<line number="1213" hits="0"/>
						<line number="1214" hits="0"/>
						<line number="1221" hits="0"/>
						<line number="1223" hits="0"/>
						<line number="1224" hits="0"/>
						<line number="1225" hits="0"/>
						<line number="1227" hits="0"/>
						<line number="1228" hits="0"/>
						<line number="1230" hits="0"/>
						<line number="1231" hits="0"/>
						<line number="1233" hits="0"/>
						<line number="1234" hits="0"/>
						<line number="1235" hits="0"/>
						<line number="1237" hits="0"/>
						<line number="1238" hits="0"/>
						<line number="1239" hits="0"/>
						<line number="1240" hits="0"/>
						<line number="1245" hits="0"/>
						<line number="1249" hits="0"/>
						<line number="1250" hits="0"/>
						<line number="1251" hits="0"/>
						<line number="1252" hits="0"/>
						<line number="1253" hits="0"/>
						<line number="1254" hits="0"/>
						<line number="1255" hits="0"/>
						<line number="1256" hits="0"/>
						<line number="1257" hits="0"/>
						<line number="1259" hits="0"/>
						<line number="1260" hits="0"/>
						<line number="1261" hits="0"/>
						<line number="1344" hits="0"/>
						<line number="1348" hits="1"/>
						<line number="1352" hits="0"/>
						<line number="1353" hits="0"/>
						<line number="1354" hits="0"/>
						<line number="1355" hits="0"/>
						<line number="1356" hits="0"/>
						<line number="1357" hits="0"/>
						<line number="1358" hits="0"/>
						<line number="1359" hits="0"/>
						<line number="1360" hits="0"/>
						<line number="1361" hits="0"/>
						<line number="1362" hits="0"/>
						<line number="1363" hits="0"/>
						<line number="1364" hits="0"/>
						<line number="1366" hits="0"/>
						<line number="1367" hits="0"/>
						<line number="1368" hits="0"/>
						<line number="1370" hits="0"/>
						<line number="1371" hits="0"/>
						<line number="1372" hits="0"/>
						<line number="1373" hits="0"/>
						<line number="1375" hits="0"/>
						<line number="1377" hits="0"/>
						<line number="1378" hits="0"/>
						<line number="1379" hits="0"/>
						<line number="1380" hits="0"/>
						<line number="1381" hits="0"/>
						<line number="1382" hits="0"/>
						<line number="1383" hits="0"/>
						<line number="1385" hits="0"/>
						<line number="1386" hits="0"/>
						<line number="1387" hits="0"/>
						<line number="1389" hits="0"/>
						<line number="1393" hits="1"/>
						<line number="1396" hits="0"/>
						<line number="1397" hits="0"/>
						<line number="1399" hits="0"/>
						<line number="1400" hits="0"/>
						<line number="1401" hits="0"/>
						<line number="1402" hits="0"/>
						<line number="1403" hits="0"/>
						<line number="1404" hits="0"/>
						<line number="1406" hits="0"/>
						<line number="1407" hits="0"/>
						<line number="1408" hits="0"/>
						<line number="1409" hits="0"/>
						<line number="1410" hits="0"/>
						<line number="1415" hits="0"/>
						<line number="1416" hits="0"/>
						<line number="1417" hits="0"/>
						<line number="1418" hits="0"/>
						<line number="1419" hits="0"/>
						<line number="1420" hits="0"/>
						<line number="1422" hits="0"/>
						<line number="1423" hits="0"/>
						<line number="1424" hits="0"/>
						<line number="1425" hits="0"/>
						<line number="1426" hits="0"/>
						<line number="1428" hits="0"/>
						<line number="1429" hits="0"/>
						<line number="1430" hits="0"/>
						<line number="1431" hits="0"/>
						<line number="1432" hits="0"/>
						<line number="1433" hits="0"/>
						<line number="1434" hits="0"/>
						<line number="1438" hits="1"/>
						<line number="1441" hits="0"/>
						<line number="1445" hits="0"/>
						<line number="1446" hits="0"/>
						<line number="1447" hits="0"/>
						<line number="1449" hits="0"/>
						<line number="1450" hits="0"/>
						<line number="1452" hits="0"/>
						<line number="1453" hits="0"/>
						<line number="1454" hits="0"/>
						<line number="1455" hits="0"/>
						<line number="1456" hits="0"/>
						<line number="1459" hits="0"/>
						<line number="1461" hits="0"/>
						<line number="1462" hits="0"/>
						<line number="1463" hits="0"/>
						<line number="1465" hits="0"/>
						<line number="1466" hits="0"/>
						<line number="1467" hits="0"/>
						<line number="1468" hits="0"/>
						<line number="1469" hits="0"/>
						<line number="1471" hits="0"/>
						<line number="1476" hits="1"/>
						<line number="1477" hits="0"/>
						<line number="1478" hits="0"/>
						<line number="1479" hits="0"/>
						<line number="1480" hits="0"/>
						<line number="1484" hits="1"/>
						<line number="1485" hits="0"/>
						<line number="1486" hits="0"/>
						<line number="1487" hits="0"/>
						<line number="1489" hits="0"/>
						<line number="1492" hits="1"/>
						<line number="1493" hits="0"/>
						<line number="1494" hits="0"/>
						<line number="1495" hits="0"/>
						<line number="1496" hits="0"/>
						<line number="1497" hits="0"/>
						<line number="1498" hits="0"/>
						<line number="1499" hits="0"/>
						<line number="1503" hits="1"/>
						<line number="1507" hits="0"/>
						<line number="1508" hits="0"/>
						<line number="1519" hits="0"/>
						<line number="1582" hits="1"/>
						<line number="1584" hits="1"/>
						<line number="1586" hits="1"/>
						<line number="1587" hits="1"/>
						<line number="1588" hits="1"/>
						<line number="1589" hits="1"/>
						<line number="1593" hits="1"/>
						<line number="1595" hits="0"/>
						<line number="1596" hits="0"/>
						<line number="1597" hits="0"/>
						<line number="1599" hits="0"/>
						<line number="1600" hits="0"/>
						<line number="1602" hits="0"/>
						<line number="1603" hits="0"/>
						<line number="1604" hits="0"/>
						<line number="1606" hits="0"/>
						<line number="1610" hits="1"/>
						<line number="1611" hits="0"/>
						<line number="1612" hits="0"/>
						<line number="1616" hits="1"/>
						<line number="1617" hits="0"/>
						<line number="1618" hits="0"/>
						<line number="1622" hits="1"/>
						<line number="1623" hits="1"/>
						<line number="1624" hits="1"/>
						<line number="1628" hits="1"/>
						<line number="1629" hits="1"/>
						<line number="1630" hits="1"/>
						<line number="1631" hits="0"/>
						<line number="1632" hits="1"/>
						<line number="1633" hits="0"/>
						<line number="1637" hits="1"/>
						<line number="1641" hits="1"/>
						<line number="1642" hits="1"/>
						<line number="1643" hits="1"/>
						<line number="1647" hits="1"/>
						<line number="1648" hits="1"/>
						<line number="1649" hits="1"/>
						<line number="1650" hits="0"/>
						<line number="1651" hits="1"/>
						<line number="1652" hits="0"/>
						<line number="1654" hits="1"/>
						<line number="1658" hits="1"/>
						<line number="1659" hits="1"/>
						<line number="1660" hits="1"/>
						<line number="1664" hits="1"/>
						<line number="1665" hits="1"/>
						<line number="1666" hits="1"/>
						<line number="1667" hits="0"/>
						<line number="1668" hits="1"/>
						<line number="1669" hits="0"/>
						<line number="1672" hits="1"/>
						<line number="1726" hits="1"/>
						<line number="1727" hits="1"/>
						<line number="1728" hits="1"/>
						<line number="1732" hits="1"/>
						<line number="1733" hits="1"/>
						<line number="1734" hits="1"/>
						<line number="1735" hits="0"/>
						<line number="1736" hits="1"/>
						<line number="1737" hits="0"/>
						<line number="1738" hits="1"/>
						<line number="1836" hits="1"/>
						<line number="1837" hits="0"/>
						<line number="1838" hits="0"/>
						<line number="1839" hits="0"/>
						<line number="1840" hits="0"/>
						<line number="1841" hits="0"/>
						<line number="1845" hits="1"/>
						<line number="1846" hits="0"/>
						<line number="1848" hits="0"/>
						<line number="1849" hits="0"/>
						<line number="1850" hits="0"/>
						<line number="1851" hits="0"/>
						<line number="1853" hits="0"/>
						<line number="1854" hits="0"/>
						<line number="1855" hits="0"/>
						<line number="1856" hits="0"/>
						<line number="1857" hits="0"/>
						<line number="1858" hits="0"/>
						<line number="1860" hits="0"/>
						<line number="1862" hits="0"/>
						<line number="1863" hits="0"/>
						<line number="1864" hits="0"/>
						<line number="1865" hits="0"/>
						<line number="1869" hits="0"/>
						<line number="1870" hits="0"/>
						<line number="1871" hits="0"/>
						<line number="1874" hits="1"/>
						<line number="1875" hits="0"/>
						<line number="1876" hits="0"/>
						<line number="1877" hits="0"/>
						<line number="1878" hits="0"/>
						<line number="1879" hits="0"/>
						<line number="1880" hits="0"/>
						<line number="1894" hits="1"/>
						<line number="1924" hits="0"/>
						<line number="1925" hits="0"/>
						<line number="1926" hits="0"/>
						<line number="1927" hits="0"/>
						<line number="1928" hits="0"/>
						<line number="1929" hits="0"/>
						<line number="1930" hits="0"/>
						<line number="1931" hits="0"/>
						<line number="1932" hits="0"/>
						<line number="1933" hits="0"/>
						<line number="1934" hits="0"/>
						<line number="1935" hits="0"/>
						<line number="1936" hits="0"/>
						<line number="1937" hits="0"/>
						<line number="1938" hits="0"/>
						<line number="1939" hits="0"/>
						<line number="1940" hits="0"/>
						<line number="1941" hits="0"/>
						<line number="1942" hits="0"/>
						<line number="1943" hits="0"/>
						<line number="1945" hits="0"/>
						<line number="1946" hits="0"/>
						<line number="1947" hits="0"/>
						<line number="1948" hits="0"/>
						<line number="1949" hits="0"/>
						<line number="1951" hits="0"/>
						<line number="1952" hits="0"/>
						<line number="1953" hits="0"/>
						<line number="1954" hits="0"/>
						<line number="1956" hits="0"/>
						<line number="1957" hits="0"/>
						<line number="1958" hits="0"/>
						<line number="1960" hits="0"/>
						<line number="1964" hits="1"/>
						<line number="1967" hits="0"/>
						<line number="1968" hits="0"/>
						<line number="1969" hits="0"/>
						<line number="1970" hits="0"/>
						<line number="1971" hits="0"/>
						<line number="1972" hits="0"/>
						<line number="1973" hits="0"/>
						<line number="1974" hits="0"/>
						<line number="1975" hits="0"/>
						<line number="1979" hits="1"/>
						<line number="1980" hits="0"/>
						<line number="1981" hits="0"/>
						<line number="1983" hits="0"/>
						<line number="1984" hits="0"/>
						<line number="1985" hits="0"/>
					</lines>
				</class>
			</classes>
		</package>
	</packages>
</coverage>
